2015-02-02 16:36:27,954 [main] INFO  main org.solrmarc.marc.MarcImporter - Added record 1988 read from file: (DE-576)000022020
2015-02-02 16:36:27,955 [main] INFO  main org.solrmarc.marc.MarcImporter - Added record 1989 read from file: (DE-576)000022039
2015-02-02 16:36:27,955 [main] INFO  main org.solrmarc.marc.MarcImporter - Added record 1990 read from file: (DE-576)000022055
2015-02-02 16:36:27,956 [main] INFO  main org.solrmarc.marc.MarcImporter - Added record 1991 read from file: (DE-576)000022071
2015-02-02 16:36:27,956 [main] INFO  main org.solrmarc.marc.MarcImporter - Added record 1992 read from file: (DE-576)00002208X
2015-02-02 16:36:27,957 [main] INFO  main org.solrmarc.marc.MarcImporter - Added record 1993 read from file: (DE-576)000022098
2015-02-02 16:36:27,960 [main] INFO  main org.solrmarc.marc.MarcImporter - Added record 1994 read from file: (DE-576)000022101
2015-02-02 16:36:27,960 [main] INFO  main org.solrmarc.marc.MarcImporter - Added record 1995 read from file: (DE-576)00002211X
2015-02-02 16:36:27,961 [main] INFO  main org.solrmarc.marc.MarcImporter - Added record 1996 read from file: (DE-576)000022128
2015-02-02 16:36:27,962 [main] INFO  main org.solrmarc.marc.MarcImporter - Added record 1997 read from file: (DE-576)000022136
2015-02-02 16:36:27,963 [main] INFO  main org.solrmarc.marc.MarcImporter - Added record 1998 read from file: (DE-576)000022152
2015-02-02 16:36:27,963 [main] INFO  main org.solrmarc.marc.MarcImporter - Added record 1999 read from file: (DE-576)000022160
2015-02-02 16:36:28,059 [main] INFO  main org.solrmarc.marc.MarcImporter - Added record 2000 read from file: (DE-576)000022179
2015-02-02 16:36:28,060 [main] INFO  main org.solrmarc.marc.MarcImporter - Added record 2001 read from file: (DE-576)000022187
2015-02-02 16:36:28,066 [main] INFO  main org.solrmarc.marc.MarcImporter - Added record 2002 read from file: (DE-576)000022195
2015-02-02 16:36:28,067 [main] INFO  main org.solrmarc.marc.MarcImporter - Added record 2003 read from file: (DE-576)000022209
2015-02-02 16:36:28,068 [main] INFO  main org.solrmarc.marc.MarcImporter - Added record 2004 read from file: (DE-576)000022217
2015-02-02 16:36:28,068 [main] INFO  main org.solrmarc.marc.MarcImporter - Added record 2005 read from file: (DE-576)000022233
2015-02-02 16:36:28,069 [main] INFO  main org.solrmarc.marc.MarcImporter - Added record 2006 read from file: (DE-576)000022241
2015-02-02 16:36:28,070 [main] INFO  main org.solrmarc.marc.MarcImporter - Added record 2007 read from file: (DE-576)00002225X
2015-02-02 16:36:28,071 [main] INFO  main org.solrmarc.marc.MarcImporter - Added record 2008 read from file: (DE-576)000022268
2015-02-02 16:36:28,072 [main] INFO  main org.solrmarc.marc.MarcImporter - Added record 2009 read from file: (DE-576)000022276
2015-02-02 16:36:28,072 [main] INFO  main org.solrmarc.marc.MarcImporter - Added record 2010 read from file: (DE-576)000022284
2015-02-02 16:36:28,073 [main] INFO  main org.solrmarc.marc.MarcImporter - Added record 2011 read from file: (DE-576)000022292
2015-02-02 16:36:28,078 [main] INFO  main org.solrmarc.marc.MarcImporter - Added record 2012 read from file: (DE-576)000022306
2015-02-02 16:36:28,079 [main] INFO  main org.solrmarc.marc.MarcImporter - Added record 2013 read from file: (DE-576)000022314
2015-02-02 16:36:28,080 [main] INFO  main org.solrmarc.marc.MarcImporter - Added record 2014 read from file: (DE-576)000022322
2015-02-02 16:36:28,080 [main] INFO  main org.solrmarc.marc.MarcImporter - Added record 2015 read from file: (DE-576)000022330
2015-02-02 16:36:28,081 [main] INFO  main org.solrmarc.marc.MarcImporter - Added record 2016 read from file: (DE-576)000022349
2015-02-02 16:36:28,081 [main] INFO  main org.solrmarc.marc.MarcImporter - Added record 2017 read from file: (DE-576)000022365
2015-02-02 16:36:28,083 [main] INFO  main org.solrmarc.marc.MarcImporter - Added record 2018 read from file: (DE-576)000022381
2015-02-02 16:36:28,083 [main] INFO  main org.solrmarc.marc.MarcImporter - Added record 2019 read from file: (DE-576)00002239X
2015-02-02 16:36:28,087 [main] INFO  main org.solrmarc.marc.MarcImporter - Added record 2020 read from file: (DE-576)000022403
2015-02-02 16:36:28,088 [main] INFO  main org.solrmarc.marc.MarcImporter - Added record 2021 read from file: (DE-576)000022411
2015-02-02 16:36:28,089 [main] INFO  main org.solrmarc.marc.MarcImporter - Added record 2022 read from file: (DE-576)00002242X
2015-02-02 16:36:28,089 [main] INFO  main org.solrmarc.marc.MarcImporter - Added record 2023 read from file: (DE-576)000022438
2015-02-02 16:36:28,090 [main] INFO  main org.solrmarc.marc.MarcImporter - Added record 2024 read from file: (DE-576)000022446
2015-02-02 16:36:28,091 [main] INFO  main org.solrmarc.marc.MarcImporter - Added record 2025 read from file: (DE-576)000022454
2015-02-02 16:36:28,092 [main] INFO  main org.solrmarc.marc.MarcImporter - Added record 2026 read from file: (DE-576)000022462
2015-02-02 16:36:28,093 [main] INFO  main org.solrmarc.marc.MarcImporter - Added record 2027 read from file: (DE-576)000022489
2015-02-02 16:36:28,093 [main] INFO  main org.solrmarc.marc.MarcImporter - Added record 2028 read from file: (DE-576)000022497
2015-02-02 16:36:28,094 [main] INFO  main org.solrmarc.marc.MarcImporter - Added record 2029 read from file: (DE-576)000022500
2015-02-02 16:36:28,095 [main] INFO  main org.solrmarc.marc.MarcImporter - Added record 2030 read from file: (DE-576)000022519
2015-02-02 16:36:28,096 [main] INFO  main org.solrmarc.marc.MarcImporter - Added record 2031 read from file: (DE-576)000022527
2015-02-02 16:36:28,096 [main] INFO  main org.solrmarc.marc.MarcImporter - Added record 2032 read from file: (DE-576)000022535
2015-02-02 16:36:28,097 [main] INFO  main org.solrmarc.marc.MarcImporter - Added record 2033 read from file: (DE-576)000022543
2015-02-02 16:36:28,098 [main] INFO  main org.solrmarc.marc.MarcImporter - Added record 2034 read from file: (DE-576)000022551
2015-02-02 16:36:28,098 [main] INFO  main org.solrmarc.marc.MarcImporter - Added record 2035 read from file: (DE-576)00002256X
2015-02-02 16:36:28,099 [main] INFO  main org.solrmarc.marc.MarcImporter - Added record 2036 read from file: (DE-576)000022578
2015-02-02 16:36:28,099 [main] INFO  main org.solrmarc.marc.MarcImporter - Added record 2037 read from file: (DE-576)000022594
2015-02-02 16:36:28,100 [main] INFO  main org.solrmarc.marc.MarcImporter - Added record 2038 read from file: (DE-576)000022608
2015-02-02 16:36:28,101 [main] INFO  main org.solrmarc.marc.MarcImporter - Added record 2039 read from file: (DE-576)000022616
2015-02-02 16:36:28,101 [main] INFO  main org.solrmarc.marc.MarcImporter - Added record 2040 read from file: (DE-576)000022624
2015-02-02 16:36:28,102 [main] INFO  main org.solrmarc.marc.MarcImporter - Added record 2041 read from file: (DE-576)000022632
2015-02-02 16:36:28,103 [main] INFO  main org.solrmarc.marc.MarcImporter - Added record 2042 read from file: (DE-576)000022659
2015-02-02 16:36:28,103 [main] INFO  main org.solrmarc.marc.MarcImporter - Added record 2043 read from file: (DE-576)000022667
2015-02-02 16:36:28,104 [main] INFO  main org.solrmarc.marc.MarcImporter - Added record 2044 read from file: (DE-576)000022683
2015-02-02 16:36:28,105 [main] INFO  main org.solrmarc.marc.MarcImporter - Added record 2045 read from file: (DE-576)000022705
2015-02-02 16:36:28,105 [main] INFO  main org.solrmarc.marc.MarcImporter - Added record 2046 read from file: (DE-576)000022713
2015-02-02 16:36:28,105 [main] INFO  main org.solrmarc.marc.MarcImporter - Added record 2047 read from file: (DE-576)000022721
2015-02-02 16:36:28,106 [main] INFO  main org.solrmarc.marc.MarcImporter - Added record 2048 read from file: (DE-576)00002273X
2015-02-02 16:36:28,107 [main] INFO  main org.solrmarc.marc.MarcImporter - Added record 2049 read from file: (DE-576)000022756
2015-02-02 16:36:28,108 [main] INFO  main org.solrmarc.marc.MarcImporter - Added record 2050 read from file: (DE-576)000022764
2015-02-02 16:36:28,109 [main] INFO  main org.solrmarc.marc.MarcImporter - Added record 2051 read from file: (DE-576)000022772
2015-02-02 16:36:28,110 [main] INFO  main org.solrmarc.marc.MarcImporter - Added record 2052 read from file: (DE-576)000022780
2015-02-02 16:36:28,111 [main] INFO  main org.solrmarc.marc.MarcImporter - Added record 2053 read from file: (DE-576)000022799
2015-02-02 16:36:28,112 [main] INFO  main org.solrmarc.marc.MarcImporter - Added record 2054 read from file: (DE-576)000022802
2015-02-02 16:36:28,113 [main] INFO  main org.solrmarc.marc.MarcImporter - Added record 2055 read from file: (DE-576)000022810
2015-02-02 16:36:28,113 [main] INFO  main org.solrmarc.marc.MarcImporter - Added record 2056 read from file: (DE-576)000022829
2015-02-02 16:36:28,114 [main] INFO  main org.solrmarc.marc.MarcImporter - Added record 2057 read from file: (DE-576)000022837
2015-02-02 16:36:28,115 [main] INFO  main org.solrmarc.marc.MarcImporter - Added record 2058 read from file: (DE-576)000022845
2015-02-02 16:36:28,116 [main] INFO  main org.solrmarc.marc.MarcImporter - Added record 2059 read from file: (DE-576)000022853
2015-02-02 16:36:28,116 [main] INFO  main org.solrmarc.marc.MarcImporter - Added record 2060 read from file: (DE-576)000022861
2015-02-02 16:36:28,117 [main] INFO  main org.solrmarc.marc.MarcImporter - Added record 2061 read from file: (DE-576)00002287X
2015-02-02 16:36:28,118 [main] INFO  main org.solrmarc.marc.MarcImporter - Added record 2062 read from file: (DE-576)000022888
2015-02-02 16:36:28,119 [main] INFO  main org.solrmarc.marc.MarcImporter - Added record 2063 read from file: (DE-576)000022918
2015-02-02 16:36:28,119 [main] INFO  main org.solrmarc.marc.MarcImporter - Added record 2064 read from file: (DE-576)000022926
2015-02-02 16:36:28,120 [main] INFO  main org.solrmarc.marc.MarcImporter - Added record 2065 read from file: (DE-576)000022934
2015-02-02 16:36:28,121 [main] INFO  main org.solrmarc.marc.MarcImporter - Added record 2066 read from file: (DE-576)000022942
2015-02-02 16:36:28,122 [main] INFO  main org.solrmarc.marc.MarcImporter - Added record 2067 read from file: (DE-576)000022950
2015-02-02 16:36:28,123 [main] INFO  main org.solrmarc.marc.MarcImporter - Added record 2068 read from file: (DE-576)000022977
2015-02-02 16:36:28,123 [main] INFO  main org.solrmarc.marc.MarcImporter - Added record 2069 read from file: (DE-576)000022993
2015-02-02 16:36:28,124 [main] INFO  main org.solrmarc.marc.MarcImporter - Added record 2070 read from file: (DE-576)000023000
2015-02-02 16:36:28,125 [main] INFO  main org.solrmarc.marc.MarcImporter - Added record 2071 read from file: (DE-576)000023019
2015-02-02 16:36:28,125 [main] INFO  main org.solrmarc.marc.MarcImporter - Added record 2072 read from file: (DE-576)000023035
2015-02-02 16:36:28,126 [main] INFO  main org.solrmarc.marc.MarcImporter - Added record 2073 read from file: (DE-576)000023051
2015-02-02 16:36:28,126 [main] INFO  main org.solrmarc.marc.MarcImporter - Added record 2074 read from file: (DE-576)00002306X
2015-02-02 16:36:28,127 [main] INFO  main org.solrmarc.marc.MarcImporter - Added record 2075 read from file: (DE-576)000023078
2015-02-02 16:36:28,128 [main] INFO  main org.solrmarc.marc.MarcImporter - Added record 2076 read from file: (DE-576)000023086
2015-02-02 16:36:28,128 [main] INFO  main org.solrmarc.marc.MarcImporter - Added record 2077 read from file: (DE-576)000023108
2015-02-02 16:36:28,129 [main] INFO  main org.solrmarc.marc.MarcImporter - Added record 2078 read from file: (DE-576)000023116
2015-02-02 16:36:28,129 [main] INFO  main org.solrmarc.marc.MarcImporter - Added record 2079 read from file: (DE-576)000023124
2015-02-02 16:36:28,130 [main] INFO  main org.solrmarc.marc.MarcImporter - Added record 2080 read from file: (DE-576)000023140
2015-02-02 16:36:28,132 [main] INFO  main org.solrmarc.marc.MarcImporter - Added record 2081 read from file: (DE-576)000023159
2015-02-02 16:36:28,133 [main] INFO  main org.solrmarc.marc.MarcImporter - Added record 2082 read from file: (DE-576)000023175
2015-02-02 16:36:28,133 [main] INFO  main org.solrmarc.marc.MarcImporter - Added record 2083 read from file: (DE-576)000023191
2015-02-02 16:36:28,134 [main] INFO  main org.solrmarc.marc.MarcImporter - Added record 2084 read from file: (DE-576)000023213
2015-02-02 16:36:28,135 [main] INFO  main org.solrmarc.marc.MarcImporter - Added record 2085 read from file: (DE-576)00002323X
2015-02-02 16:36:28,136 [main] INFO  main org.solrmarc.marc.MarcImporter - Added record 2086 read from file: (DE-576)000023256
2015-02-02 16:36:28,137 [main] INFO  main org.solrmarc.marc.MarcImporter - Added record 2087 read from file: (DE-576)000023264
2015-02-02 16:36:28,137 [main] INFO  main org.solrmarc.marc.MarcImporter - Added record 2088 read from file: (DE-576)000023272
2015-02-02 16:36:28,138 [main] INFO  main org.solrmarc.marc.MarcImporter - Added record 2089 read from file: (DE-576)000023280
2015-02-02 16:36:28,139 [main] INFO  main org.solrmarc.marc.MarcImporter - Added record 2090 read from file: (DE-576)000023299
2015-02-02 16:36:28,140 [main] INFO  main org.solrmarc.marc.MarcImporter - Added record 2091 read from file: (DE-576)000023302
2015-02-02 16:36:28,141 [main] INFO  main org.solrmarc.marc.MarcImporter - Added record 2092 read from file: (DE-576)000023310
2015-02-02 16:36:28,141 [main] INFO  main org.solrmarc.marc.MarcImporter - Added record 2093 read from file: (DE-576)000023329
2015-02-02 16:36:28,142 [main] INFO  main org.solrmarc.marc.MarcImporter - Added record 2094 read from file: (DE-576)000023337
2015-02-02 16:36:28,143 [main] INFO  main org.solrmarc.marc.MarcImporter - Added record 2095 read from file: (DE-576)000023353
2015-02-02 16:36:28,143 [main] INFO  main org.solrmarc.marc.MarcImporter - Added record 2096 read from file: (DE-576)000023361
2015-02-02 16:36:28,144 [main] INFO  main org.solrmarc.marc.MarcImporter - Added record 2097 read from file: (DE-576)000023388
2015-02-02 16:36:28,145 [main] INFO  main org.solrmarc.marc.MarcImporter - Added record 2098 read from file: (DE-576)000023396
2015-02-02 16:36:28,145 [main] INFO  main org.solrmarc.marc.MarcImporter - Added record 2099 read from file: (DE-576)00002340X
2015-02-02 16:36:28,327 [main] INFO  main org.solrmarc.marc.MarcImporter - Added record 2100 read from file: (DE-576)000023426
2015-02-02 16:36:28,327 [main] INFO  main org.solrmarc.marc.MarcImporter - Added record 2101 read from file: (DE-576)000023442
2015-02-02 16:36:28,328 [main] INFO  main org.solrmarc.marc.MarcImporter - Added record 2102 read from file: (DE-576)000023450
2015-02-02 16:36:28,329 [main] INFO  main org.solrmarc.marc.MarcImporter - Added record 2103 read from file: (DE-576)000023469
2015-02-02 16:36:28,330 [main] INFO  main org.solrmarc.marc.MarcImporter - Added record 2104 read from file: (DE-576)000023477
2015-02-02 16:36:28,331 [main] INFO  main org.solrmarc.marc.MarcImporter - Added record 2105 read from file: (DE-576)000023493
2015-02-02 16:36:28,331 [main] INFO  main org.solrmarc.marc.MarcImporter - Added record 2106 read from file: (DE-576)000023507
2015-02-02 16:36:28,332 [main] INFO  main org.solrmarc.marc.MarcImporter - Added record 2107 read from file: (DE-576)000023515
2015-02-02 16:36:28,333 [main] INFO  main org.solrmarc.marc.MarcImporter - Added record 2108 read from file: (DE-576)00002354X
2015-02-02 16:36:28,334 [main] INFO  main org.solrmarc.marc.MarcImporter - Added record 2109 read from file: (DE-576)000023558
2015-02-02 16:36:28,336 [main] INFO  main org.solrmarc.marc.MarcImporter - Added record 2110 read from file: (DE-576)000023566
2015-02-02 16:36:28,337 [main] INFO  main org.solrmarc.marc.MarcImporter - Added record 2111 read from file: (DE-576)000023574
2015-02-02 16:36:28,340 [main] INFO  main org.solrmarc.marc.MarcImporter - Added record 2112 read from file: (DE-576)000023582
2015-02-02 16:36:28,342 [main] INFO  main org.solrmarc.marc.MarcImporter - Added record 2113 read from file: (DE-576)000023590
2015-02-02 16:36:28,343 [main] INFO  main org.solrmarc.marc.MarcImporter - Added record 2114 read from file: (DE-576)000023604
2015-02-02 16:36:28,344 [main] INFO  main org.solrmarc.marc.MarcImporter - Added record 2115 read from file: (DE-576)000023620
2015-02-02 16:36:28,347 [main] INFO  main org.solrmarc.marc.MarcImporter - Added record 2116 read from file: (DE-576)000023639
2015-02-02 16:36:28,348 [main] INFO  main org.solrmarc.marc.MarcImporter - Added record 2117 read from file: (DE-576)000023655
2015-02-02 16:36:28,348 [main] INFO  main org.solrmarc.marc.MarcImporter - Added record 2118 read from file: (DE-576)000023663
2015-02-02 16:36:28,350 [main] INFO  main org.solrmarc.marc.MarcImporter - Added record 2119 read from file: (DE-576)000023671
2015-02-02 16:36:28,351 [main] INFO  main org.solrmarc.marc.MarcImporter - Added record 2120 read from file: (DE-576)00002368X
2015-02-02 16:36:28,352 [main] INFO  main org.solrmarc.marc.MarcImporter - Added record 2121 read from file: (DE-576)000023698
2015-02-02 16:36:28,353 [main] INFO  main org.solrmarc.marc.MarcImporter - Added record 2122 read from file: (DE-576)000023701
2015-02-02 16:36:28,353 [main] INFO  main org.solrmarc.marc.MarcImporter - Added record 2123 read from file: (DE-576)000023736
2015-02-02 16:36:28,356 [main] INFO  main org.solrmarc.marc.MarcImporter - Added record 2124 read from file: (DE-576)000023744
2015-02-02 16:36:28,357 [main] INFO  main org.solrmarc.marc.MarcImporter - Added record 2125 read from file: (DE-576)000023752
2015-02-02 16:36:28,358 [main] INFO  main org.solrmarc.marc.MarcImporter - Added record 2126 read from file: (DE-576)000023779
2015-02-02 16:36:28,359 [main] INFO  main org.solrmarc.marc.MarcImporter - Added record 2127 read from file: (DE-576)000023787
2015-02-02 16:36:28,360 [main] INFO  main org.solrmarc.marc.MarcImporter - Added record 2128 read from file: (DE-576)000023795
2015-02-02 16:36:28,360 [main] INFO  main org.solrmarc.marc.MarcImporter - Added record 2129 read from file: (DE-576)000023809
2015-02-02 16:36:28,361 [main] INFO  main org.solrmarc.marc.MarcImporter - Added record 2130 read from file: (DE-576)000023817
2015-02-02 16:36:28,362 [main] INFO  main org.solrmarc.marc.MarcImporter - Added record 2131 read from file: (DE-576)00002385X
2015-02-02 16:36:28,363 [main] INFO  main org.solrmarc.marc.MarcImporter - Added record 2132 read from file: (DE-576)000023868
2015-02-02 16:36:28,364 [main] INFO  main org.solrmarc.marc.MarcImporter - Added record 2133 read from file: (DE-576)000023876
2015-02-02 16:36:28,365 [main] INFO  main org.solrmarc.marc.MarcImporter - Added record 2134 read from file: (DE-576)000023892
2015-02-02 16:36:28,366 [main] INFO  main org.solrmarc.marc.MarcImporter - Added record 2135 read from file: (DE-576)000023906
2015-02-02 16:36:28,367 [main] INFO  main org.solrmarc.marc.MarcImporter - Added record 2136 read from file: (DE-576)000023914
2015-02-02 16:36:28,368 [main] INFO  main org.solrmarc.marc.MarcImporter - Added record 2137 read from file: (DE-576)000023922
2015-02-02 16:36:28,369 [main] INFO  main org.solrmarc.marc.MarcImporter - Added record 2138 read from file: (DE-576)000023930
2015-02-02 16:36:28,369 [main] INFO  main org.solrmarc.marc.MarcImporter - Added record 2139 read from file: (DE-576)000023949
2015-02-02 16:36:28,374 [main] INFO  main org.solrmarc.marc.MarcImporter - Added record 2140 read from file: (DE-576)000023957
2015-02-02 16:36:28,376 [main] INFO  main org.solrmarc.marc.MarcImporter - Added record 2141 read from file: (DE-576)000023965
2015-02-02 16:36:28,376 [main] INFO  main org.solrmarc.marc.MarcImporter - Added record 2142 read from file: (DE-576)000023981
2015-02-02 16:36:28,378 [main] INFO  main org.solrmarc.marc.MarcImporter - Added record 2143 read from file: (DE-576)00002399X
2015-02-02 16:36:28,379 [main] INFO  main org.solrmarc.marc.MarcImporter - Added record 2144 read from file: (DE-576)000024007
2015-02-02 16:36:28,380 [main] INFO  main org.solrmarc.marc.MarcImporter - Added record 2145 read from file: (DE-576)000024015
2015-02-02 16:36:28,381 [main] INFO  main org.solrmarc.marc.MarcImporter - Added record 2146 read from file: (DE-576)000024023
2015-02-02 16:36:28,382 [main] INFO  main org.solrmarc.marc.MarcImporter - Added record 2147 read from file: (DE-576)000024031
2015-02-02 16:36:28,383 [main] INFO  main org.solrmarc.marc.MarcImporter - Added record 2148 read from file: (DE-576)00002404X
2015-02-02 16:36:28,384 [main] INFO  main org.solrmarc.marc.MarcImporter - Added record 2149 read from file: (DE-576)000024058
2015-02-02 16:36:28,384 [main] INFO  main org.solrmarc.marc.MarcImporter - Added record 2150 read from file: (DE-576)000024074
2015-02-02 16:36:28,385 [main] INFO  main org.solrmarc.marc.MarcImporter - Added record 2151 read from file: (DE-576)000024082
2015-02-02 16:36:28,386 [main] INFO  main org.solrmarc.marc.MarcImporter - Added record 2152 read from file: (DE-576)000024104
2015-02-02 16:36:28,387 [main] INFO  main org.solrmarc.marc.MarcImporter - Added record 2153 read from file: (DE-576)000024112
2015-02-02 16:36:28,388 [main] INFO  main org.solrmarc.marc.MarcImporter - Added record 2154 read from file: (DE-576)000024120
2015-02-02 16:36:28,389 [main] INFO  main org.solrmarc.marc.MarcImporter - Added record 2155 read from file: (DE-576)000024139
2015-02-02 16:36:28,390 [main] INFO  main org.solrmarc.marc.MarcImporter - Added record 2156 read from file: (DE-576)000024147
2015-02-02 16:36:28,391 [main] INFO  main org.solrmarc.marc.MarcImporter - Added record 2157 read from file: (DE-576)000024155
2015-02-02 16:36:28,392 [main] INFO  main org.solrmarc.marc.MarcImporter - Added record 2158 read from file: (DE-576)000024163
2015-02-02 16:36:28,392 [main] INFO  main org.solrmarc.marc.MarcImporter - Added record 2159 read from file: (DE-576)000024171
2015-02-02 16:36:28,393 [main] INFO  main org.solrmarc.marc.MarcImporter - Added record 2160 read from file: (DE-576)00002418X
2015-02-02 16:36:28,394 [main] INFO  main org.solrmarc.marc.MarcImporter - Added record 2161 read from file: (DE-576)000024198
2015-02-02 16:36:28,395 [main] INFO  main org.solrmarc.marc.MarcImporter - Added record 2162 read from file: (DE-576)000024201
2015-02-02 16:36:28,396 [main] INFO  main org.solrmarc.marc.MarcImporter - Added record 2163 read from file: (DE-576)00002421X
2015-02-02 16:36:28,397 [main] INFO  main org.solrmarc.marc.MarcImporter - Added record 2164 read from file: (DE-576)000024228
2015-02-02 16:36:28,398 [main] INFO  main org.solrmarc.marc.MarcImporter - Added record 2165 read from file: (DE-576)000024236
2015-02-02 16:36:28,398 [main] INFO  main org.solrmarc.marc.MarcImporter - Added record 2166 read from file: (DE-576)000024244
2015-02-02 16:36:28,399 [main] INFO  main org.solrmarc.marc.MarcImporter - Added record 2167 read from file: (DE-576)000024252
2015-02-02 16:36:28,400 [main] INFO  main org.solrmarc.marc.MarcImporter - Added record 2168 read from file: (DE-576)000024260
2015-02-02 16:36:28,406 [main] INFO  main org.solrmarc.marc.MarcImporter - Added record 2169 read from file: (DE-576)000024279
2015-02-02 16:36:28,407 [main] INFO  main org.solrmarc.marc.MarcImporter - Added record 2170 read from file: (DE-576)000024287
2015-02-02 16:36:28,408 [main] INFO  main org.solrmarc.marc.MarcImporter - Added record 2171 read from file: (DE-576)000024295
2015-02-02 16:36:28,409 [main] INFO  main org.solrmarc.marc.MarcImporter - Added record 2172 read from file: (DE-576)000024309
2015-02-02 16:36:28,409 [main] INFO  main org.solrmarc.marc.MarcImporter - Added record 2173 read from file: (DE-576)000024317
2015-02-02 16:36:28,410 [main] INFO  main org.solrmarc.marc.MarcImporter - Added record 2174 read from file: (DE-576)000024325
2015-02-02 16:36:28,411 [main] INFO  main org.solrmarc.marc.MarcImporter - Added record 2175 read from file: (DE-576)000024333
2015-02-02 16:36:28,411 [main] INFO  main org.solrmarc.marc.MarcImporter - Added record 2176 read from file: (DE-576)000024341
2015-02-02 16:36:28,412 [main] INFO  main org.solrmarc.marc.MarcImporter - Added record 2177 read from file: (DE-576)00002435X
2015-02-02 16:36:28,413 [main] INFO  main org.solrmarc.marc.MarcImporter - Added record 2178 read from file: (DE-576)000024368
2015-02-02 16:36:28,413 [main] INFO  main org.solrmarc.marc.MarcImporter - Added record 2179 read from file: (DE-576)000024376
2015-02-02 16:36:28,414 [main] INFO  main org.solrmarc.marc.MarcImporter - Added record 2180 read from file: (DE-576)000024384
2015-02-02 16:36:28,415 [main] INFO  main org.solrmarc.marc.MarcImporter - Added record 2181 read from file: (DE-576)000024392
2015-02-02 16:36:28,416 [main] INFO  main org.solrmarc.marc.MarcImporter - Added record 2182 read from file: (DE-576)000024414
2015-02-02 16:36:28,417 [main] INFO  main org.solrmarc.marc.MarcImporter - Added record 2183 read from file: (DE-576)000024422
2015-02-02 16:36:28,418 [main] INFO  main org.solrmarc.marc.MarcImporter - Added record 2184 read from file: (DE-576)000024430
2015-02-02 16:36:28,419 [main] INFO  main org.solrmarc.marc.MarcImporter - Added record 2185 read from file: (DE-576)000024449
2015-02-02 16:36:28,419 [main] INFO  main org.solrmarc.marc.MarcImporter - Added record 2186 read from file: (DE-576)000024457
2015-02-02 16:36:28,420 [main] INFO  main org.solrmarc.marc.MarcImporter - Added record 2187 read from file: (DE-576)000024465
2015-02-02 16:36:28,421 [main] INFO  main org.solrmarc.marc.MarcImporter - Added record 2188 read from file: (DE-576)000024473
2015-02-02 16:36:28,421 [main] INFO  main org.solrmarc.marc.MarcImporter - Added record 2189 read from file: (DE-576)000024481
2015-02-02 16:36:28,422 [main] INFO  main org.solrmarc.marc.MarcImporter - Added record 2190 read from file: (DE-576)00002449X
2015-02-02 16:36:28,423 [main] INFO  main org.solrmarc.marc.MarcImporter - Added record 2191 read from file: (DE-576)000024503
2015-02-02 16:36:28,423 [main] INFO  main org.solrmarc.marc.MarcImporter - Added record 2192 read from file: (DE-576)000024538
2015-02-02 16:36:28,424 [main] INFO  main org.solrmarc.marc.MarcImporter - Added record 2193 read from file: (DE-576)000024546
2015-02-02 16:36:28,424 [main] INFO  main org.solrmarc.marc.MarcImporter - Added record 2194 read from file: (DE-576)000024554
2015-02-02 16:36:28,425 [main] INFO  main org.solrmarc.marc.MarcImporter - Added record 2195 read from file: (DE-576)000024562
2015-02-02 16:36:28,426 [main] INFO  main org.solrmarc.marc.MarcImporter - Added record 2196 read from file: (DE-576)000024570
2015-02-02 16:36:28,426 [main] INFO  main org.solrmarc.marc.MarcImporter - Added record 2197 read from file: (DE-576)000024589
2015-02-02 16:36:28,427 [main] INFO  main org.solrmarc.marc.MarcImporter - Added record 2198 read from file: (DE-576)000024597
2015-02-02 16:36:28,428 [main] INFO  main org.solrmarc.marc.MarcImporter - Added record 2199 read from file: (DE-576)000024600
2015-02-02 16:36:28,523 [main] INFO  main org.solrmarc.marc.MarcImporter - Added record 2200 read from file: (DE-576)000024619
2015-02-02 16:36:28,524 [main] INFO  main org.solrmarc.marc.MarcImporter - Added record 2201 read from file: (DE-576)000024627
2015-02-02 16:36:28,524 [main] INFO  main org.solrmarc.marc.MarcImporter - Added record 2202 read from file: (DE-576)000024635
2015-02-02 16:36:28,525 [main] INFO  main org.solrmarc.marc.MarcImporter - Added record 2203 read from file: (DE-576)000024643
2015-02-02 16:36:28,526 [main] INFO  main org.solrmarc.marc.MarcImporter - Added record 2204 read from file: (DE-576)000024651
2015-02-02 16:36:28,526 [main] INFO  main org.solrmarc.marc.MarcImporter - Added record 2205 read from file: (DE-576)00002466X
2015-02-02 16:36:28,527 [main] INFO  main org.solrmarc.marc.MarcImporter - Added record 2206 read from file: (DE-576)000024678
2015-02-02 16:36:28,528 [main] INFO  main org.solrmarc.marc.MarcImporter - Added record 2207 read from file: (DE-576)000024686
2015-02-02 16:36:28,528 [main] INFO  main org.solrmarc.marc.MarcImporter - Added record 2208 read from file: (DE-576)000024694
2015-02-02 16:36:28,529 [main] INFO  main org.solrmarc.marc.MarcImporter - Added record 2209 read from file: (DE-576)000024708
2015-02-02 16:36:28,529 [main] INFO  main org.solrmarc.marc.MarcImporter - Added record 2210 read from file: (DE-576)000024716
2015-02-02 16:36:28,530 [main] INFO  main org.solrmarc.marc.MarcImporter - Added record 2211 read from file: (DE-576)000024724
2015-02-02 16:36:28,531 [main] INFO  main org.solrmarc.marc.MarcImporter - Added record 2212 read from file: (DE-576)000024732
2015-02-02 16:36:28,531 [main] INFO  main org.solrmarc.marc.MarcImporter - Added record 2213 read from file: (DE-576)000024740
2015-02-02 16:36:28,532 [main] INFO  main org.solrmarc.marc.MarcImporter - Added record 2214 read from file: (DE-576)000024759
2015-02-02 16:36:28,534 [main] INFO  main org.solrmarc.marc.MarcImporter - Added record 2215 read from file: (DE-576)000024775
2015-02-02 16:36:28,535 [main] INFO  main org.solrmarc.marc.MarcImporter - Added record 2216 read from file: (DE-576)000024783
2015-02-02 16:36:28,540 [main] INFO  main org.solrmarc.marc.MarcImporter - Added record 2217 read from file: (DE-576)000024791
2015-02-02 16:36:28,541 [main] INFO  main org.solrmarc.marc.MarcImporter - Added record 2218 read from file: (DE-576)000024805
2015-02-02 16:36:28,546 [main] INFO  main org.solrmarc.marc.MarcImporter - Added record 2219 read from file: (DE-576)000024813
2015-02-02 16:36:28,549 [main] INFO  main org.solrmarc.marc.MarcImporter - Added record 2220 read from file: (DE-576)000024821
2015-02-02 16:36:28,551 [main] INFO  main org.solrmarc.marc.MarcImporter - Added record 2221 read from file: (DE-576)00002483X
2015-02-02 16:36:28,553 [main] INFO  main org.solrmarc.marc.MarcImporter - Added record 2222 read from file: (DE-576)000024848
2015-02-02 16:36:28,553 [main] INFO  main org.solrmarc.marc.MarcImporter - Added record 2223 read from file: (DE-576)000024856
2015-02-02 16:36:28,554 [main] INFO  main org.solrmarc.marc.MarcImporter - Added record 2224 read from file: (DE-576)000024864
2015-02-02 16:36:28,555 [main] INFO  main org.solrmarc.marc.MarcImporter - Added record 2225 read from file: (DE-576)000024872
2015-02-02 16:36:28,556 [main] INFO  main org.solrmarc.marc.MarcImporter - Added record 2226 read from file: (DE-576)000024880
2015-02-02 16:36:28,557 [main] INFO  main org.solrmarc.marc.MarcImporter - Added record 2227 read from file: (DE-576)000024899
2015-02-02 16:36:28,558 [main] INFO  main org.solrmarc.marc.MarcImporter - Added record 2228 read from file: (DE-576)000024902
2015-02-02 16:36:28,558 [main] INFO  main org.solrmarc.marc.MarcImporter - Added record 2229 read from file: (DE-576)000024910
2015-02-02 16:36:28,559 [main] INFO  main org.solrmarc.marc.MarcImporter - Added record 2230 read from file: (DE-576)000024929
2015-02-02 16:36:28,560 [main] INFO  main org.solrmarc.marc.MarcImporter - Added record 2231 read from file: (DE-576)000024937
2015-02-02 16:36:28,560 [main] INFO  main org.solrmarc.marc.MarcImporter - Added record 2232 read from file: (DE-576)000024945
2015-02-02 16:36:28,561 [main] INFO  main org.solrmarc.marc.MarcImporter - Added record 2233 read from file: (DE-576)000024953
2015-02-02 16:36:28,562 [main] INFO  main org.solrmarc.marc.MarcImporter - Added record 2234 read from file: (DE-576)000024961
2015-02-02 16:36:28,562 [main] INFO  main org.solrmarc.marc.MarcImporter - Added record 2235 read from file: (DE-576)00002497X
2015-02-02 16:36:28,563 [main] INFO  main org.solrmarc.marc.MarcImporter - Added record 2236 read from file: (DE-576)000024988
2015-02-02 16:36:28,563 [main] INFO  main org.solrmarc.marc.MarcImporter - Added record 2237 read from file: (DE-576)000024996
2015-02-02 16:36:28,564 [main] INFO  main org.solrmarc.marc.MarcImporter - Added record 2238 read from file: (DE-576)000025003
2015-02-02 16:36:28,565 [main] INFO  main org.solrmarc.marc.MarcImporter - Added record 2239 read from file: (DE-576)000025011
2015-02-02 16:36:28,565 [main] INFO  main org.solrmarc.marc.MarcImporter - Added record 2240 read from file: (DE-576)00002502X
2015-02-02 16:36:28,566 [main] INFO  main org.solrmarc.marc.MarcImporter - Added record 2241 read from file: (DE-576)000025038
2015-02-02 16:36:28,567 [main] INFO  main org.solrmarc.marc.MarcImporter - Added record 2242 read from file: (DE-576)000025046
2015-02-02 16:36:28,567 [main] INFO  main org.solrmarc.marc.MarcImporter - Added record 2243 read from file: (DE-576)000025054
2015-02-02 16:36:28,568 [main] INFO  main org.solrmarc.marc.MarcImporter - Added record 2244 read from file: (DE-576)000025062
2015-02-02 16:36:28,568 [main] INFO  main org.solrmarc.marc.MarcImporter - Added record 2245 read from file: (DE-576)000025089
2015-02-02 16:36:28,569 [main] INFO  main org.solrmarc.marc.MarcImporter - Added record 2246 read from file: (DE-576)000025097
2015-02-02 16:36:28,570 [main] INFO  main org.solrmarc.marc.MarcImporter - Added record 2247 read from file: (DE-576)000025100
2015-02-02 16:36:28,570 [main] INFO  main org.solrmarc.marc.MarcImporter - Added record 2248 read from file: (DE-576)000025119
2015-02-02 16:36:28,571 [main] INFO  main org.solrmarc.marc.MarcImporter - Added record 2249 read from file: (DE-576)000025127
2015-02-02 16:36:28,571 [main] INFO  main org.solrmarc.marc.MarcImporter - Added record 2250 read from file: (DE-576)000025135
2015-02-02 16:36:28,572 [main] INFO  main org.solrmarc.marc.MarcImporter - Added record 2251 read from file: (DE-576)000025143
2015-02-02 16:36:28,572 [main] INFO  main org.solrmarc.marc.MarcImporter - Added record 2252 read from file: (DE-576)000025151
2015-02-02 16:36:28,573 [main] INFO  main org.solrmarc.marc.MarcImporter - Added record 2253 read from file: (DE-576)00002516X
2015-02-02 16:36:28,574 [main] INFO  main org.solrmarc.marc.MarcImporter - Added record 2254 read from file: (DE-576)000025178
2015-02-02 16:36:28,574 [main] INFO  main org.solrmarc.marc.MarcImporter - Added record 2255 read from file: (DE-576)000025186
2015-02-02 16:36:28,575 [main] INFO  main org.solrmarc.marc.MarcImporter - Added record 2256 read from file: (DE-576)000025194
2015-02-02 16:36:28,576 [main] INFO  main org.solrmarc.marc.MarcImporter - Added record 2257 read from file: (DE-576)000025208
2015-02-02 16:36:28,576 [main] INFO  main org.solrmarc.marc.MarcImporter - Added record 2258 read from file: (DE-576)000025216
2015-02-02 16:36:28,577 [main] INFO  main org.solrmarc.marc.MarcImporter - Added record 2259 read from file: (DE-576)000025224
2015-02-02 16:36:28,577 [main] INFO  main org.solrmarc.marc.MarcImporter - Added record 2260 read from file: (DE-576)000025232
2015-02-02 16:36:28,578 [main] INFO  main org.solrmarc.marc.MarcImporter - Added record 2261 read from file: (DE-576)000025240
2015-02-02 16:36:28,579 [main] INFO  main org.solrmarc.marc.MarcImporter - Added record 2262 read from file: (DE-576)000025259
2015-02-02 16:36:28,579 [main] INFO  main org.solrmarc.marc.MarcImporter - Added record 2263 read from file: (DE-576)000025267
2015-02-02 16:36:28,580 [main] INFO  main org.solrmarc.marc.MarcImporter - Added record 2264 read from file: (DE-576)000025275
2015-02-02 16:36:28,581 [main] INFO  main org.solrmarc.marc.MarcImporter - Added record 2265 read from file: (DE-576)000025283
2015-02-02 16:36:28,581 [main] INFO  main org.solrmarc.marc.MarcImporter - Added record 2266 read from file: (DE-576)000025291
2015-02-02 16:36:28,582 [main] INFO  main org.solrmarc.marc.MarcImporter - Added record 2267 read from file: (DE-576)000025305
2015-02-02 16:36:28,582 [main] INFO  main org.solrmarc.marc.MarcImporter - Added record 2268 read from file: (DE-576)000025313
2015-02-02 16:36:28,583 [main] INFO  main org.solrmarc.marc.MarcImporter - Added record 2269 read from file: (DE-576)000025321
2015-02-02 16:36:28,584 [main] INFO  main org.solrmarc.marc.MarcImporter - Added record 2270 read from file: (DE-576)00002533X
2015-02-02 16:36:28,584 [main] INFO  main org.solrmarc.marc.MarcImporter - Added record 2271 read from file: (DE-576)000025348
2015-02-02 16:36:28,585 [main] INFO  main org.solrmarc.marc.MarcImporter - Added record 2272 read from file: (DE-576)000025356
2015-02-02 16:36:28,585 [main] INFO  main org.solrmarc.marc.MarcImporter - Added record 2273 read from file: (DE-576)000025364
2015-02-02 16:36:28,586 [main] INFO  main org.solrmarc.marc.MarcImporter - Added record 2274 read from file: (DE-576)000025372
2015-02-02 16:36:28,587 [main] INFO  main org.solrmarc.marc.MarcImporter - Added record 2275 read from file: (DE-576)000025410
2015-02-02 16:36:28,587 [main] INFO  main org.solrmarc.marc.MarcImporter - Added record 2276 read from file: (DE-576)000025429
2015-02-02 16:36:28,588 [main] INFO  main org.solrmarc.marc.MarcImporter - Added record 2277 read from file: (DE-576)000025437
2015-02-02 16:36:28,589 [main] INFO  main org.solrmarc.marc.MarcImporter - Added record 2278 read from file: (DE-576)000025445
2015-02-02 16:36:28,589 [main] INFO  main org.solrmarc.marc.MarcImporter - Added record 2279 read from file: (DE-576)000025453
2015-02-02 16:36:28,590 [main] INFO  main org.solrmarc.marc.MarcImporter - Added record 2280 read from file: (DE-576)000025461
2015-02-02 16:36:28,590 [main] INFO  main org.solrmarc.marc.MarcImporter - Added record 2281 read from file: (DE-576)00002547X
2015-02-02 16:36:28,591 [main] INFO  main org.solrmarc.marc.MarcImporter - Added record 2282 read from file: (DE-576)000025488
2015-02-02 16:36:28,592 [main] INFO  main org.solrmarc.marc.MarcImporter - Added record 2283 read from file: (DE-576)000025496
2015-02-02 16:36:28,593 [main] INFO  main org.solrmarc.marc.MarcImporter - Added record 2284 read from file: (DE-576)00002550X
2015-02-02 16:36:28,593 [main] INFO  main org.solrmarc.marc.MarcImporter - Added record 2285 read from file: (DE-576)000025518
2015-02-02 16:36:28,594 [main] INFO  main org.solrmarc.marc.MarcImporter - Added record 2286 read from file: (DE-576)000025526
2015-02-02 16:36:28,595 [main] INFO  main org.solrmarc.marc.MarcImporter - Added record 2287 read from file: (DE-576)000025534
2015-02-02 16:36:28,595 [main] INFO  main org.solrmarc.marc.MarcImporter - Added record 2288 read from file: (DE-576)000025542
2015-02-02 16:36:28,596 [main] INFO  main org.solrmarc.marc.MarcImporter - Added record 2289 read from file: (DE-576)000025550
2015-02-02 16:36:28,597 [main] INFO  main org.solrmarc.marc.MarcImporter - Added record 2290 read from file: (DE-576)000025569
2015-02-02 16:36:28,597 [main] INFO  main org.solrmarc.marc.MarcImporter - Added record 2291 read from file: (DE-576)000025577
2015-02-02 16:36:28,598 [main] INFO  main org.solrmarc.marc.MarcImporter - Added record 2292 read from file: (DE-576)000025585
2015-02-02 16:36:28,598 [main] INFO  main org.solrmarc.marc.MarcImporter - Added record 2293 read from file: (DE-576)000025593
2015-02-02 16:36:28,599 [main] INFO  main org.solrmarc.marc.MarcImporter - Added record 2294 read from file: (DE-576)000025607
2015-02-02 16:36:28,599 [main] INFO  main org.solrmarc.marc.MarcImporter - Added record 2295 read from file: (DE-576)000025615
2015-02-02 16:36:28,600 [main] INFO  main org.solrmarc.marc.MarcImporter - Added record 2296 read from file: (DE-576)000025623
2015-02-02 16:36:28,600 [main] INFO  main org.solrmarc.marc.MarcImporter - Added record 2297 read from file: (DE-576)000025631
2015-02-02 16:36:28,601 [main] INFO  main org.solrmarc.marc.MarcImporter - Added record 2298 read from file: (DE-576)000025658
2015-02-02 16:36:28,602 [main] INFO  main org.solrmarc.marc.MarcImporter - Added record 2299 read from file: (DE-576)000025763
2015-02-02 16:36:28,674 [Thread-1] INFO  Thread-1 org.solrmarc.marc.MarcImporter - Starting Shutdown hook
2015-02-02 16:36:28,675 [Thread-1] INFO  Thread-1 org.solrmarc.marc.MarcImporter - Stopping main loop
2015-02-02 16:36:28,939 [main] INFO  main org.solrmarc.marc.MarcImporter - Added record 2300 read from file: (DE-576)00002578X
2015-02-02 16:36:28,939 [main] INFO  main org.solrmarc.marc.MarcImporter -  Adding 2300 of 2300 documents to index
2015-02-02 16:36:28,939 [main] INFO  main org.solrmarc.marc.MarcImporter -  Deleting 0 documents from index
2015-02-02 16:36:28,939 [main] INFO  main org.solrmarc.marc.MarcImporter - Calling commit (with optimize set to false)
2015-02-02 16:36:30,667 [main] INFO  main org.solrmarc.marc.MarcImporter - Done with the commit, closing Solr
2015-02-02 16:36:30,667 [main] INFO  main org.solrmarc.marc.MarcImporter - Setting Solr closed flag
2015-02-02 16:36:30,667 [main] INFO  main org.solrmarc.marc.MarcImporter - Finished indexing in 0:06,00
2015-02-02 16:36:30,667 [main] INFO  main org.solrmarc.marc.MarcImporter - Indexed 2300 at a rate of about 340.0 per sec
2015-02-02 16:36:30,667 [main] INFO  main org.solrmarc.marc.MarcImporter - Deleted 0 records
2015-02-02 16:36:30,675 [Thread-1] INFO  Thread-1 org.solrmarc.marc.MarcImporter - Finished Shutdown hook
